<?xml version="1.0" encoding="UTF-8"?>
<testsuite name="com.signavio.solution.FizzBuzzTest" tests="1" skipped="0" failures="0" errors="0" timestamp="2021-11-28T18:48:07" hostname="W-CDP3VT2" time="0.017">
  <properties/>
  <testcase name="checkFizzBuzz_numberWithFiveDigit_returnFizz()" classname="com.signavio.solution.FizzBuzzTest" time="0.017"/>
  <system-out><![CDATA[]]></system-out>
  <system-err><![CDATA[]]></system-err>
</testsuite>
